Traceback (most recent call last):
  File "actualizar_sig_sheets.py", line 51, in <module>
    sheets.reescribir_sheets(service,SPREADSHEET_ID,range_name,body,filas_actuales)
  File "/home/userscp02/SERVICIOS/google_sig/sheets.py", line 56, in reescribir_sheets
    result = service.spreadsheets().values().update(
  File "/usr/local/lib/python3.8/dist-packages/googleapiclient/_helpers.py", line 134, in positional_wrapper
    return wrapped(*args, **kwargs)
  File "/usr/local/lib/python3.8/dist-packages/googleapiclient/http.py", line 915, in execute
    raise HttpError(resp, content, uri=self.uri)
googleapiclient.errors.HttpError: <HttpError 400 when requesting https://sheets.googleapis.com/v4/spreadsheets/1nvYjk3gHBYQJwZ7RJE4r6mIJSVeNkjoJMhsTqrIo5AY/values/Hoja%201%21A1?valueInputOption=USER_ENTERED&alt=json returned "Invalid JSON payload received. Unknown name "": Root element must be a message.". Details: "[{'@type': 'type.googleapis.com/google.rpc.BadRequest', 'fieldViolations': [{'description': 'Invalid JSON payload received. Unknown name "": Root element must be a message.'}]}]">
No ejecutado. Sheets en uso. Hora:2020-12-03 17:30:02.578228
actualizar_sig_sheets.py ejecutado a las 2020-12-03 17:45:02.999918. Ult. modif era: 2020-12-03 17:27:32.245000
actualizar_sig_sheets.py ejecutado a las 2020-12-03 18:00:03.334803. Ult. modif era: 2020-12-03 17:45:10.793000
actualizar_sig_sheets.py ejecutado a las 2020-12-03 18:15:03.107718. Ult. modif era: 2020-12-03 18:00:07.400000
actualizar_sig_sheets.py ejecutado a las 2020-12-03 18:30:02.723403. Ult. modif era: 2020-12-03 18:15:11.012000
actualizar_sig_sheets.py ejecutado a las 2020-12-03 18:45:02.588505. Ult. modif era: 2020-12-03 18:30:09.034000
actualizar_sig_sheets.py ejecutado a las 2020-12-03 19:00:03.251038. Ult. modif era: 2020-12-03 18:45:06.813000
actualizar_sig_sheets.py ejecutado a las 2020-12-03 19:15:02.838746. Ult. modif era: 2020-12-03 19:00:08.246000
actualizar_sig_sheets.py ejecutado a las 2020-12-03 19:30:03.731733. Ult. modif era: 2020-12-03 19:15:07.753000
actualizar_sig_sheets.py ejecutado a las 2020-12-03 19:45:03.509820. Ult. modif era: 2020-12-03 19:30:08.728000
actualizar_sig_sheets.py ejecutado a las 2020-12-03 20:00:02.424568. Ult. modif era: 2020-12-03 19:45:10.023000
actualizar_sig_sheets.py ejecutado a las 2020-12-03 20:15:03.276041. Ult. modif era: 2020-12-03 20:00:07.669000
actualizar_sig_sheets.py ejecutado a las 2020-12-03 20:30:06.971558. Ult. modif era: 2020-12-03 20:15:08.088000
actualizar_sig_sheets.py ejecutado a las 2020-12-03 20:45:02.461141. Ult. modif era: 2020-12-03 20:30:12.962000
actualizar_sig_sheets.py ejecutado a las 2020-12-03 21:00:03.539147. Ult. modif era: 2020-12-03 20:45:07.670000
actualizar_sig_sheets.py ejecutado a las 2020-12-03 21:15:02.657560. Ult. modif era: 2020-12-03 21:00:08.900000
actualizar_sig_sheets.py ejecutado a las 2020-12-03 21:30:02.783748. Ult. modif era: 2020-12-03 21:15:07.875000
actualizar_sig_sheets.py ejecutado a las 2020-12-03 21:45:03.283327. Ult. modif era: 2020-12-03 21:30:07.658000
actualizar_sig_sheets.py ejecutado a las 2020-12-03 22:00:02.480456. Ult. modif era: 2020-12-03 21:45:08.865000
actualizar_sig_sheets.py ejecutado a las 2020-12-03 22:15:02.970665. Ult. modif era: 2020-12-03 22:00:07.383000
actualizar_sig_sheets.py ejecutado a las 2020-12-03 22:30:02.726792. Ult. modif era: 2020-12-03 22:15:07.933000
actualizar_sig_sheets.py ejecutado a las 2020-12-03 22:45:02.375922. Ult. modif era: 2020-12-03 22:30:07.912000
actualizar_sig_sheets.py ejecutado a las 2020-12-03 23:00:03.584109. Ult. modif era: 2020-12-03 22:45:07.724000
actualizar_sig_sheets.py ejecutado a las 2020-12-03 23:15:03.086825. Ult. modif era: 2020-12-03 23:00:08.539000
actualizar_sig_sheets.py ejecutado a las 2020-12-03 23:30:03.194510. Ult. modif era: 2020-12-03 23:15:08.584000
actualizar_sig_sheets.py ejecutado a las 2020-12-03 23:45:03.006701. Ult. modif era: 2020-12-03 23:30:08.255000
actualizar_sig_sheets.py ejecutado a las 2020-12-04 00:00:02.729178. Ult. modif era: 2020-12-03 23:45:09.183000
actualizar_sig_sheets.py ejecutado a las 2020-12-04 00:15:02.603724. Ult. modif era: 2020-12-04 00:00:07.978000
actualizar_sig_sheets.py ejecutado a las 2020-12-04 00:30:03.040969. Ult. modif era: 2020-12-04 00:15:08.162000
actualizar_sig_sheets.py ejecutado a las 2020-12-04 00:45:03.238616. Ult. modif era: 2020-12-04 00:30:08.747000
actualizar_sig_sheets.py ejecutado a las 2020-12-04 01:00:03.303202. Ult. modif era: 2020-12-04 00:45:09.703000
actualizar_sig_sheets.py ejecutado a las 2020-12-04 01:15:02.583799. Ult. modif era: 2020-12-04 01:00:10.036000
actualizar_sig_sheets.py ejecutado a las 2020-12-04 01:30:02.901036. Ult. modif era: 2020-12-04 01:15:08.858000
actualizar_sig_sheets.py ejecutado a las 2020-12-04 01:45:02.706850. Ult. modif era: 2020-12-04 01:30:10.174000
actualizar_sig_sheets.py ejecutado a las 2020-12-04 02:00:02.921891. Ult. modif era: 2020-12-04 01:45:09.282000
actualizar_sig_sheets.py ejecutado a las 2020-12-04 02:15:03.450478. Ult. modif era: 2020-12-04 02:00:09.451000
actualizar_sig_sheets.py ejecutado a las 2020-12-04 02:30:02.663727. Ult. modif era: 2020-12-04 02:15:09.901000
actualizar_sig_sheets.py ejecutado a las 2020-12-04 02:45:03.256071. Ult. modif era: 2020-12-04 02:30:08.716000
actualizar_sig_sheets.py ejecutado a las 2020-12-04 03:00:02.637793. Ult. modif era: 2020-12-04 02:45:10.036000
actualizar_sig_sheets.py ejecutado a las 2020-12-04 03:15:02.598068. Ult. modif era: 2020-12-04 03:00:09.013000
actualizar_sig_sheets.py ejecutado a las 2020-12-04 03:30:02.845983. Ult. modif era: 2020-12-04 03:15:08.690000
actualizar_sig_sheets.py ejecutado a las 2020-12-04 03:45:03.122987. Ult. modif era: 2020-12-04 03:30:09.434000
actualizar_sig_sheets.py ejecutado a las 2020-12-04 04:00:02.671722. Ult. modif era: 2020-12-04 03:45:09.923000
actualizar_sig_sheets.py ejecutado a las 2020-12-04 04:15:02.824194. Ult. modif era: 2020-12-04 04:00:09.211000
actualizar_sig_sheets.py ejecutado a las 2020-12-04 04:30:02.771388. Ult. modif era: 2020-12-04 04:15:10.027000
actualizar_sig_sheets.py ejecutado a las 2020-12-04 04:45:03.303404. Ult. modif era: 2020-12-04 04:30:09.578000
actualizar_sig_sheets.py ejecutado a las 2020-12-04 05:00:02.711457. Ult. modif era: 2020-12-04 04:45:10.111000
actualizar_sig_sheets.py ejecutado a las 2020-12-04 05:15:03.336529. Ult. modif era: 2020-12-04 05:00:09.744000
actualizar_sig_sheets.py ejecutado a las 2020-12-04 05:30:03.052534. Ult. modif era: 2020-12-04 05:15:10.315000
actualizar_sig_sheets.py ejecutado a las 2020-12-04 05:45:02.957228. Ult. modif era: 2020-12-04 05:30:09.345000
actualizar_sig_sheets.py ejecutado a las 2020-12-04 06:00:02.667194. Ult. modif era: 2020-12-04 05:45:11.124000
actualizar_sig_sheets.py ejecutado a las 2020-12-04 06:15:02.583474. Ult. modif era: 2020-12-04 06:00:09.169000
actualizar_sig_sheets.py ejecutado a las 2020-12-04 06:30:03.079732. Ult. modif era: 2020-12-04 06:15:09.094000
actualizar_sig_sheets.py ejecutado a las 2020-12-04 06:45:03.224766. Ult. modif era: 2020-12-04 06:30:09.602000
actualizar_sig_sheets.py ejecutado a las 2020-12-04 07:00:03.191397. Ult. modif era: 2020-12-04 06:45:09.705000
actualizar_sig_sheets.py ejecutado a las 2020-12-04 07:15:02.841695. Ult. modif era: 2020-12-04 07:00:10.361000
actualizar_sig_sheets.py ejecutado a las 2020-12-04 07:30:03.301556. Ult. modif era: 2020-12-04 07:15:09.349000
actualizar_sig_sheets.py ejecutado a las 2020-12-04 07:45:03.122107. Ult. modif era: 2020-12-04 07:30:07.579000
actualizar_sig_sheets.py ejecutado a las 2020-12-04 08:00:03.293114. Ult. modif era: 2020-12-04 07:45:07.695000
actualizar_sig_sheets.py ejecutado a las 2020-12-04 08:15:02.970881. Ult. modif era: 2020-12-04 08:00:07.439000
actualizar_sig_sheets.py ejecutado a las 2020-12-04 08:30:02.953809. Ult. modif era: 2020-12-04 08:15:07.288000
actualizar_sig_sheets.py ejecutado a las 2020-12-04 08:45:02.672490. Ult. modif era: 2020-12-04 08:30:07.237000
actualizar_sig_sheets.py ejecutado a las 2020-12-04 09:00:02.851747. Ult. modif era: 2020-12-04 08:45:07.378000
actualizar_sig_sheets.py ejecutado a las 2020-12-04 09:15:03.499520. Ult. modif era: 2020-12-04 09:00:40.764000
actualizar_sig_sheets.py ejecutado a las 2020-12-04 09:30:02.556020. Ult. modif era: 2020-12-04 09:15:06.607000
actualizar_sig_sheets.py ejecutado a las 2020-12-04 09:45:02.504937. Ult. modif era: 2020-12-04 09:30:05.494000
actualizar_sig_sheets.py ejecutado a las 2020-12-04 10:00:02.939827. Ult. modif era: 2020-12-04 09:45:07.079000
actualizar_sig_sheets.py ejecutado a las 2020-12-04 10:15:02.767912. Ult. modif era: 2020-12-04 10:00:11.326000
actualizar_sig_sheets.py ejecutado a las 2020-12-04 10:30:03.051949. Ult. modif era: 2020-12-04 10:15:07.434000
actualizar_sig_sheets.py ejecutado a las 2020-12-04 10:45:03.228669. Ult. modif era: 2020-12-04 10:30:08.695000
actualizar_sig_sheets.py ejecutado a las 2020-12-04 11:00:02.307207. Ult. modif era: 2020-12-04 10:45:09.886000
actualizar_sig_sheets.py ejecutado a las 2020-12-04 11:15:03.191756. Ult. modif era: 2020-12-04 11:00:07.824000
actualizar_sig_sheets.py ejecutado a las 2020-12-04 11:30:02.428051. Ult. modif era: 2020-12-04 11:15:10.903000
actualizar_sig_sheets.py ejecutado a las 2020-12-04 11:45:02.662109. Ult. modif era: 2020-12-04 11:30:05.996000
actualizar_sig_sheets.py ejecutado a las 2020-12-04 12:00:02.569967. Ult. modif era: 2020-12-04 11:45:07.014000
actualizar_sig_sheets.py ejecutado a las 2020-12-04 12:15:03.199683. Ult. modif era: 2020-12-04 12:00:07.723000
No ejecutado. Sheets en uso. Hora:2020-12-04 12:30:03.225152
actualizar_sig_sheets.py ejecutado a las 2020-12-04 12:45:02.596048. Ult. modif era: 2020-12-04 12:23:24.903000
actualizar_sig_sheets.py ejecutado a las 2020-12-04 13:00:03.147220. Ult. modif era: 2020-12-04 12:45:09.711000
actualizar_sig_sheets.py ejecutado a las 2020-12-04 13:15:02.816026. Ult. modif era: 2020-12-04 13:00:09.436000
actualizar_sig_sheets.py ejecutado a las 2020-12-04 13:30:03.610265. Ult. modif era: 2020-12-04 13:15:06.739000
actualizar_sig_sheets.py ejecutado a las 2020-12-04 13:45:03.554901. Ult. modif era: 2020-12-04 13:30:09.738000
actualizar_sig_sheets.py ejecutado a las 2020-12-04 14:00:02.507777. Ult. modif era: 2020-12-04 13:45:08.955000
actualizar_sig_sheets.py ejecutado a las 2020-12-04 14:15:03.540183. Ult. modif era: 2020-12-04 14:00:07.760000
actualizar_sig_sheets.py ejecutado a las 2020-12-04 14:30:03.407147. Ult. modif era: 2020-12-04 14:15:07.694000
actualizar_sig_sheets.py ejecutado a las 2020-12-04 14:45:02.638270. Ult. modif era: 2020-12-04 14:30:08.994000
actualizar_sig_sheets.py ejecutado a las 2020-12-04 15:00:03.043142. Ult. modif era: 2020-12-04 14:45:08.613000
actualizar_sig_sheets.py ejecutado a las 2020-12-04 15:15:02.861589. Ult. modif era: 2020-12-04 15:00:10.187000
actualizar_sig_sheets.py ejecutado a las 2020-12-04 15:30:02.479094. Ult. modif era: 2020-12-04 15:15:06.844000
actualizar_sig_sheets.py ejecutado a las 2020-12-04 15:45:02.461385. Ult. modif era: 2020-12-04 15:30:08.894000
actualizar_sig_sheets.py ejecutado a las 2020-12-04 16:00:02.747931. Ult. modif era: 2020-12-04 15:45:08.408000
actualizar_sig_sheets.py ejecutado a las 2020-12-04 16:15:02.493741. Ult. modif era: 2020-12-04 16:00:08.082000
actualizar_sig_sheets.py ejecutado a las 2020-12-04 16:30:03.280478. Ult. modif era: 2020-12-04 16:15:06.344000
actualizar_sig_sheets.py ejecutado a las 2020-12-04 16:45:02.311146. Ult. modif era: 2020-12-04 16:30:08.940000
actualizar_sig_sheets.py ejecutado a las 2020-12-04 17:00:02.453579. Ult. modif era: 2020-12-04 16:45:07.854000
actualizar_sig_sheets.py ejecutado a las 2020-12-04 17:15:03.110744. Ult. modif era: 2020-12-04 17:00:06.178000
actualizar_sig_sheets.py ejecutado a las 2020-12-04 17:30:02.704807. Ult. modif era: 2020-12-04 17:15:07.002000
actualizar_sig_sheets.py ejecutado a las 2020-12-04 17:45:02.559703. Ult. modif era: 2020-12-04 17:30:09.194000
actualizar_sig_sheets.py ejecutado a las 2020-12-04 18:00:02.775256. Ult. modif era: 2020-12-04 17:45:09.141000
actualizar_sig_sheets.py ejecutado a las 2020-12-04 18:15:02.628094. Ult. modif era: 2020-12-04 18:00:09.112000
actualizar_sig_sheets.py ejecutado a las 2020-12-04 18:30:03.486279. Ult. modif era: 2020-12-04 18:15:06.643000
actualizar_sig_sheets.py ejecutado a las 2020-12-04 18:45:02.416116. Ult. modif era: 2020-12-04 18:30:09.911000
actualizar_sig_sheets.py ejecutado a las 2020-12-04 19:00:02.999628. Ult. modif era: 2020-12-04 18:45:08.555000
actualizar_sig_sheets.py ejecutado a las 2020-12-04 19:15:02.514607. Ult. modif era: 2020-12-04 19:00:09.002000
actualizar_sig_sheets.py ejecutado a las 2020-12-04 19:30:02.541293. Ult. modif era: 2020-12-04 19:15:09.842000
actualizar_sig_sheets.py ejecutado a las 2020-12-04 19:45:02.462400. Ult. modif era: 2020-12-04 19:30:06.874000
actualizar_sig_sheets.py ejecutado a las 2020-12-04 20:00:02.736044. Ult. modif era: 2020-12-04 19:45:07.187000
actualizar_sig_sheets.py ejecutado a las 2020-12-04 21:00:02.705017. Ult. modif era: 2020-12-04 20:00:07.013000
actualizar_sig_sheets.py ejecutado a las 2020-12-04 22:00:03.564867. Ult. modif era: 2020-12-04 21:00:07.620000
actualizar_sig_sheets.py ejecutado a las 2020-12-04 23:00:02.540369. Ult. modif era: 2020-12-04 22:00:08.840000
actualizar_sig_sheets.py ejecutado a las 2020-12-05 00:00:02.694890. Ult. modif era: 2020-12-04 23:00:07.931000
actualizar_sig_sheets.py ejecutado a las 2020-12-05 01:00:03.200519. Ult. modif era: 2020-12-05 00:00:08.267000
actualizar_sig_sheets.py ejecutado a las 2020-12-05 02:00:02.773122. Ult. modif era: 2020-12-05 01:00:07.987000
actualizar_sig_sheets.py ejecutado a las 2020-12-05 02:15:02.479732. Ult. modif era: 2020-12-05 02:00:08.099000
actualizar_sig_sheets.py ejecutado a las 2020-12-05 02:30:02.735800. Ult. modif era: 2020-12-05 02:15:07.151000
actualizar_sig_sheets.py ejecutado a las 2020-12-05 02:45:02.776888. Ult. modif era: 2020-12-05 02:30:07.378000
actualizar_sig_sheets.py ejecutado a las 2020-12-05 03:00:03.341911. Ult. modif era: 2020-12-05 02:45:07.684000
actualizar_sig_sheets.py ejecutado a las 2020-12-05 03:15:03.119597. Ult. modif era: 2020-12-05 03:00:07.585000
actualizar_sig_sheets.py ejecutado a las 2020-12-05 03:30:03.016554. Ult. modif era: 2020-12-05 03:15:08.171000
actualizar_sig_sheets.py ejecutado a las 2020-12-05 03:45:02.875052. Ult. modif era: 2020-12-05 03:30:08.434000
actualizar_sig_sheets.py ejecutado a las 2020-12-05 04:00:02.681557. Ult. modif era: 2020-12-05 03:45:07.910000
actualizar_sig_sheets.py ejecutado a las 2020-12-05 04:15:02.385533. Ult. modif era: 2020-12-05 04:00:07.881000
actualizar_sig_sheets.py ejecutado a las 2020-12-05 04:30:03.081364. Ult. modif era: 2020-12-05 04:15:06.538000
actualizar_sig_sheets.py ejecutado a las 2020-12-05 04:45:02.764502. Ult. modif era: 2020-12-05 04:30:08.322000
actualizar_sig_sheets.py ejecutado a las 2020-12-05 05:00:02.688792. Ult. modif era: 2020-12-05 04:45:07.856000
actualizar_sig_sheets.py ejecutado a las 2020-12-05 05:15:02.708001. Ult. modif era: 2020-12-05 05:00:08.180000
actualizar_sig_sheets.py ejecutado a las 2020-12-05 05:30:03.019976. Ult. modif era: 2020-12-05 05:15:06.429000
actualizar_sig_sheets.py ejecutado a las 2020-12-05 05:45:02.989781. Ult. modif era: 2020-12-05 05:30:08.445000
actualizar_sig_sheets.py ejecutado a las 2020-12-05 06:00:02.851020. Ult. modif era: 2020-12-05 05:45:08.298000
actualizar_sig_sheets.py ejecutado a las 2020-12-05 06:15:02.979514. Ult. modif era: 2020-12-05 06:00:08.562000
actualizar_sig_sheets.py ejecutado a las 2020-12-05 06:30:02.512637. Ult. modif era: 2020-12-05 06:15:06.839000
actualizar_sig_sheets.py ejecutado a las 2020-12-05 06:45:03.265825. Ult. modif era: 2020-12-05 06:30:07.743000
actualizar_sig_sheets.py ejecutado a las 2020-12-05 07:00:02.685585. Ult. modif era: 2020-12-05 06:45:09.116000
actualizar_sig_sheets.py ejecutado a las 2020-12-05 07:15:03.155098. Ult. modif era: 2020-12-05 07:00:08.608000
actualizar_sig_sheets.py ejecutado a las 2020-12-05 07:30:02.339339. Ult. modif era: 2020-12-05 07:15:07.952000
actualizar_sig_sheets.py ejecutado a las 2020-12-05 07:45:03.306801. Ult. modif era: 2020-12-05 07:30:06.764000
actualizar_sig_sheets.py ejecutado a las 2020-12-05 08:00:03.395067. Ult. modif era: 2020-12-05 07:45:09.683000
actualizar_sig_sheets.py ejecutado a las 2020-12-05 08:15:02.909660. Ult. modif era: 2020-12-05 08:00:09.472000
actualizar_sig_sheets.py ejecutado a las 2020-12-05 08:30:02.648254. Ult. modif era: 2020-12-05 08:15:09.254000
actualizar_sig_sheets.py ejecutado a las 2020-12-05 08:45:02.542324. Ult. modif era: 2020-12-05 08:30:08.917000
actualizar_sig_sheets.py ejecutado a las 2020-12-05 09:00:03.315170. Ult. modif era: 2020-12-05 08:45:06.738000
actualizar_sig_sheets.py ejecutado a las 2020-12-05 09:15:02.709878. Ult. modif era: 2020-12-05 09:00:09.194000
actualizar_sig_sheets.py ejecutado a las 2020-12-05 09:30:03.394854. Ult. modif era: 2020-12-05 09:15:08.757000
actualizar_sig_sheets.py ejecutado a las 2020-12-05 09:45:03.023271. Ult. modif era: 2020-12-05 09:30:09.612000
actualizar_sig_sheets.py ejecutado a las 2020-12-05 10:00:02.398765. Ult. modif era: 2020-12-05 09:45:06.921000
actualizar_sig_sheets.py ejecutado a las 2020-12-05 10:15:02.939920. Ult. modif era: 2020-12-05 10:00:09.402000
actualizar_sig_sheets.py ejecutado a las 2020-12-05 10:30:02.255568. Ult. modif era: 2020-12-05 10:15:08.872000
actualizar_sig_sheets.py ejecutado a las 2020-12-05 10:45:03.256107. Ult. modif era: 2020-12-05 10:30:08.781000
actualizar_sig_sheets.py ejecutado a las 2020-12-05 11:00:02.805106. Ult. modif era: 2020-12-05 10:45:07.244000
actualizar_sig_sheets.py ejecutado a las 2020-12-05 11:15:02.601462. Ult. modif era: 2020-12-05 11:00:10.058000
actualizar_sig_sheets.py ejecutado a las 2020-12-05 11:30:03.283063. Ult. modif era: 2020-12-05 11:15:08.790000
actualizar_sig_sheets.py ejecutado a las 2020-12-05 11:45:02.719607. Ult. modif era: 2020-12-05 11:30:10.307000
actualizar_sig_sheets.py ejecutado a las 2020-12-05 12:00:02.678002. Ult. modif era: 2020-12-05 11:45:06.953000
actualizar_sig_sheets.py ejecutado a las 2020-12-05 12:15:03.107429. Ult. modif era: 2020-12-05 12:00:09.641000
actualizar_sig_sheets.py ejecutado a las 2020-12-05 12:30:03.313356. Ult. modif era: 2020-12-05 12:15:09.763000
actualizar_sig_sheets.py ejecutado a las 2020-12-05 12:45:02.993553. Ult. modif era: 2020-12-05 12:30:10.567000
actualizar_sig_sheets.py ejecutado a las 2020-12-05 13:00:02.861873. Ult. modif era: 2020-12-05 12:45:07.287000
actualizar_sig_sheets.py ejecutado a las 2020-12-05 13:15:02.660855. Ult. modif era: 2020-12-05 13:00:07.228000
actualizar_sig_sheets.py ejecutado a las 2020-12-05 13:30:02.647053. Ult. modif era: 2020-12-05 13:15:05.741000
actualizar_sig_sheets.py ejecutado a las 2020-12-05 13:45:02.644825. Ult. modif era: 2020-12-05 13:30:49.571000
actualizar_sig_sheets.py ejecutado a las 2020-12-05 14:00:03.123663. Ult. modif era: 2020-12-05 13:45:07.429000
actualizar_sig_sheets.py ejecutado a las 2020-12-05 14:15:02.964713. Ult. modif era: 2020-12-05 14:00:07.545000
actualizar_sig_sheets.py ejecutado a las 2020-12-05 14:30:03.324557. Ult. modif era: 2020-12-05 14:15:07.749000
actualizar_sig_sheets.py ejecutado a las 2020-12-05 14:45:02.333618. Ult. modif era: 2020-12-05 14:30:07.894000
actualizar_sig_sheets.py ejecutado a las 2020-12-05 15:00:02.612887. Ult. modif era: 2020-12-05 14:45:07.096000
actualizar_sig_sheets.py ejecutado a las 2020-12-05 15:15:02.837442. Ult. modif era: 2020-12-05 15:00:07.315000
actualizar_sig_sheets.py ejecutado a las 2020-12-05 15:30:02.534599. Ult. modif era: 2020-12-05 15:15:08.094000
actualizar_sig_sheets.py ejecutado a las 2020-12-05 15:45:02.455198. Ult. modif era: 2020-12-05 15:30:07.998000
actualizar_sig_sheets.py ejecutado a las 2020-12-05 16:00:03.012994. Ult. modif era: 2020-12-05 15:45:07.366000
actualizar_sig_sheets.py ejecutado a las 2020-12-05 16:15:02.926210. Ult. modif era: 2020-12-05 16:00:07.317000
actualizar_sig_sheets.py ejecutado a las 2020-12-05 16:30:02.602022. Ult. modif era: 2020-12-05 16:15:08.097000
actualizar_sig_sheets.py ejecutado a las 2020-12-05 16:45:03.632847. Ult. modif era: 2020-12-05 16:30:07.848000
actualizar_sig_sheets.py ejecutado a las 2020-12-05 17:00:02.815615. Ult. modif era: 2020-12-05 16:45:09.084000
actualizar_sig_sheets.py ejecutado a las 2020-12-05 17:15:02.593075. Ult. modif era: 2020-12-05 17:00:07.079000
actualizar_sig_sheets.py ejecutado a las 2020-12-05 17:30:03.316414. Ult. modif era: 2020-12-05 17:15:07.797000
actualizar_sig_sheets.py ejecutado a las 2020-12-05 17:45:02.999530. Ult. modif era: 2020-12-05 17:30:08.596000
actualizar_sig_sheets.py ejecutado a las 2020-12-05 18:00:02.649353. Ult. modif era: 2020-12-05 17:45:08.138000
actualizar_sig_sheets.py ejecutado a las 2020-12-05 18:15:02.661010. Ult. modif era: 2020-12-05 18:00:07.189000
actualizar_sig_sheets.py ejecutado a las 2020-12-05 18:30:02.652429. Ult. modif era: 2020-12-05 18:15:08.025000
actualizar_sig_sheets.py ejecutado a las 2020-12-05 18:45:02.407691. Ult. modif era: 2020-12-05 18:30:07.841000
actualizar_sig_sheets.py ejecutado a las 2020-12-05 19:00:02.633111. Ult. modif era: 2020-12-05 18:45:08.062000
actualizar_sig_sheets.py ejecutado a las 2020-12-05 19:15:02.937806. Ult. modif era: 2020-12-05 19:00:07.310000
actualizar_sig_sheets.py ejecutado a las 2020-12-05 19:30:03.029396. Ult. modif era: 2020-12-05 19:15:09.382000
actualizar_sig_sheets.py ejecutado a las 2020-12-05 19:45:02.536232. Ult. modif era: 2020-12-05 19:30:07.136000
actualizar_sig_sheets.py ejecutado a las 2020-12-05 20:00:02.768256. Ult. modif era: 2020-12-05 19:45:08.229000
actualizar_sig_sheets.py ejecutado a las 2020-12-05 21:00:02.833928. Ult. modif era: 2020-12-05 20:00:07.035000
actualizar_sig_sheets.py ejecutado a las 2020-12-05 22:00:02.777828. Ult. modif era: 2020-12-05 21:00:09.122000
actualizar_sig_sheets.py ejecutado a las 2020-12-05 23:00:02.927033. Ult. modif era: 2020-12-05 22:00:10.034000
actualizar_sig_sheets.py ejecutado a las 2020-12-06 00:00:03.040338. Ult. modif era: 2020-12-05 23:00:10.283000
actualizar_sig_sheets.py ejecutado a las 2020-12-06 01:00:03.182095. Ult. modif era: 2020-12-06 00:00:09.112000
actualizar_sig_sheets.py ejecutado a las 2020-12-06 02:00:02.788521. Ult. modif era: 2020-12-06 01:00:09.901000
actualizar_sig_sheets.py ejecutado a las 2020-12-06 02:15:03.289465. Ult. modif era: 2020-12-06 02:00:11.833000
actualizar_sig_sheets.py ejecutado a las 2020-12-06 02:30:02.497069. Ult. modif era: 2020-12-06 02:15:07.848000
actualizar_sig_sheets.py ejecutado a las 2020-12-06 02:45:03.202255. Ult. modif era: 2020-12-06 02:30:08.608000
actualizar_sig_sheets.py ejecutado a las 2020-12-06 03:00:03.126785. Ult. modif era: 2020-12-06 02:45:09.518000
actualizar_sig_sheets.py ejecutado a las 2020-12-06 03:15:02.599229. Ult. modif era: 2020-12-06 03:00:09.942000
actualizar_sig_sheets.py ejecutado a las 2020-12-06 03:30:02.896337. Ult. modif era: 2020-12-06 03:15:07.039000
actualizar_sig_sheets.py ejecutado a las 2020-12-06 03:45:02.434488. Ult. modif era: 2020-12-06 03:30:09.942000
actualizar_sig_sheets.py ejecutado a las 2020-12-06 04:00:03.034656. Ult. modif era: 2020-12-06 03:45:09.390000
actualizar_sig_sheets.py ejecutado a las 2020-12-06 04:15:03.202755. Ult. modif era: 2020-12-06 04:00:09.745000
actualizar_sig_sheets.py ejecutado a las 2020-12-06 04:30:03.237642. Ult. modif era: 2020-12-06 04:15:07.646000
actualizar_sig_sheets.py ejecutado a las 2020-12-06 04:45:02.760960. Ult. modif era: 2020-12-06 04:30:10.066000
actualizar_sig_sheets.py ejecutado a las 2020-12-06 05:00:02.546008. Ult. modif era: 2020-12-06 04:45:09.974000
actualizar_sig_sheets.py ejecutado a las 2020-12-06 05:15:02.837450. Ult. modif era: 2020-12-06 05:00:09.382000
actualizar_sig_sheets.py ejecutado a las 2020-12-06 05:30:03.085697. Ult. modif era: 2020-12-06 05:15:07.436000
actualizar_sig_sheets.py ejecutado a las 2020-12-06 05:45:02.931474. Ult. modif era: 2020-12-06 05:30:10.376000
actualizar_sig_sheets.py ejecutado a las 2020-12-06 06:00:03.091071. Ult. modif era: 2020-12-06 05:45:08.435000
actualizar_sig_sheets.py ejecutado a las 2020-12-06 06:15:02.535773. Ult. modif era: 2020-12-06 06:00:07.851000
actualizar_sig_sheets.py ejecutado a las 2020-12-06 06:30:02.556361. Ult. modif era: 2020-12-06 06:15:07.069000
actualizar_sig_sheets.py ejecutado a las 2020-12-06 06:45:03.022362. Ult. modif era: 2020-12-06 06:30:07.617000
actualizar_sig_sheets.py ejecutado a las 2020-12-06 07:00:03.243145. Ult. modif era: 2020-12-06 06:45:08.268000
actualizar_sig_sheets.py ejecutado a las 2020-12-06 07:15:02.728934. Ult. modif era: 2020-12-06 07:00:08.246000
actualizar_sig_sheets.py ejecutado a las 2020-12-06 07:30:03.244126. Ult. modif era: 2020-12-06 07:15:07.616000
actualizar_sig_sheets.py ejecutado a las 2020-12-06 07:45:02.733816. Ult. modif era: 2020-12-06 07:30:08.290000
actualizar_sig_sheets.py ejecutado a las 2020-12-06 08:00:03.478524. Ult. modif era: 2020-12-06 07:45:07.786000
actualizar_sig_sheets.py ejecutado a las 2020-12-06 08:15:02.485262. Ult. modif era: 2020-12-06 08:00:08.949000
actualizar_sig_sheets.py ejecutado a las 2020-12-06 08:30:02.363633. Ult. modif era: 2020-12-06 08:15:05.964000
actualizar_sig_sheets.py ejecutado a las 2020-12-06 08:45:03.020282. Ult. modif era: 2020-12-06 08:30:07.500000
actualizar_sig_sheets.py ejecutado a las 2020-12-06 09:00:03.422117. Ult. modif era: 2020-12-06 08:45:08.735000
actualizar_sig_sheets.py ejecutado a las 2020-12-06 09:15:02.775895. Ult. modif era: 2020-12-06 09:00:09.200000
actualizar_sig_sheets.py ejecutado a las 2020-12-06 09:30:02.959622. Ult. modif era: 2020-12-06 09:15:07.442000
actualizar_sig_sheets.py ejecutado a las 2020-12-06 09:45:02.479490. Ult. modif era: 2020-12-06 09:30:08.021000
actualizar_sig_sheets.py ejecutado a las 2020-12-06 10:00:03.243791. Ult. modif era: 2020-12-06 09:45:08.662000
actualizar_sig_sheets.py ejecutado a las 2020-12-06 10:15:02.427544. Ult. modif era: 2020-12-06 10:00:08.926000
actualizar_sig_sheets.py ejecutado a las 2020-12-06 10:30:03.244297. Ult. modif era: 2020-12-06 10:15:06.775000
actualizar_sig_sheets.py ejecutado a las 2020-12-06 10:45:02.669550. Ult. modif era: 2020-12-06 10:30:09.160000
actualizar_sig_sheets.py ejecutado a las 2020-12-06 11:00:02.884364. Ult. modif era: 2020-12-06 10:45:08.273000
actualizar_sig_sheets.py ejecutado a las 2020-12-06 11:15:02.407767. Ult. modif era: 2020-12-06 11:00:08.997000
actualizar_sig_sheets.py ejecutado a las 2020-12-06 11:30:03.179472. Ult. modif era: 2020-12-06 11:15:06.799000
actualizar_sig_sheets.py ejecutado a las 2020-12-06 11:45:02.530374. Ult. modif era: 2020-12-06 11:30:09.959000
actualizar_sig_sheets.py ejecutado a las 2020-12-06 12:00:03.309621. Ult. modif era: 2020-12-06 11:45:08.520000
actualizar_sig_sheets.py ejecutado a las 2020-12-06 12:15:02.496464. Ult. modif era: 2020-12-06 12:00:10.046000
actualizar_sig_sheets.py ejecutado a las 2020-12-06 12:30:02.591502. Ult. modif era: 2020-12-06 12:15:06.950000
actualizar_sig_sheets.py ejecutado a las 2020-12-06 12:45:03.342477. Ult. modif era: 2020-12-06 12:30:07.697000
actualizar_sig_sheets.py ejecutado a las 2020-12-06 13:00:03.119741. Ult. modif era: 2020-12-06 12:45:10.411000
actualizar_sig_sheets.py ejecutado a las 2020-12-06 13:15:02.875667. Ult. modif era: 2020-12-06 13:00:09.364000
actualizar_sig_sheets.py ejecutado a las 2020-12-06 13:30:02.973182. Ult. modif era: 2020-12-06 13:15:07.309000
actualizar_sig_sheets.py ejecutado a las 2020-12-06 13:45:02.809709. Ult. modif era: 2020-12-06 13:30:09.318000
actualizar_sig_sheets.py ejecutado a las 2020-12-06 14:00:02.713309. Ult. modif era: 2020-12-06 13:45:11.075000
actualizar_sig_sheets.py ejecutado a las 2020-12-06 14:15:02.848882. Ult. modif era: 2020-12-06 14:00:09.298000
actualizar_sig_sheets.py ejecutado a las 2020-12-06 14:30:03.039006. Ult. modif era: 2020-12-06 14:15:07.556000
actualizar_sig_sheets.py ejecutado a las 2020-12-06 14:45:03.331623. Ult. modif era: 2020-12-06 14:30:09.833000
actualizar_sig_sheets.py ejecutado a las 2020-12-06 15:00:02.566649. Ult. modif era: 2020-12-06 14:45:10.033000
actualizar_sig_sheets.py ejecutado a las 2020-12-06 15:15:02.527116. Ult. modif era: 2020-12-06 15:00:10.196000
actualizar_sig_sheets.py ejecutado a las 2020-12-06 15:30:02.574697. Ult. modif era: 2020-12-06 15:15:07.064000
actualizar_sig_sheets.py ejecutado a las 2020-12-06 15:45:03.133512. Ult. modif era: 2020-12-06 15:30:09.643000
actualizar_sig_sheets.py ejecutado a las 2020-12-06 16:00:02.577626. Ult. modif era: 2020-12-06 15:45:09.984000
actualizar_sig_sheets.py ejecutado a las 2020-12-06 16:15:02.923452. Ult. modif era: 2020-12-06 16:00:09.320000
actualizar_sig_sheets.py ejecutado a las 2020-12-06 16:30:02.653909. Ult. modif era: 2020-12-06 16:15:08.151000
actualizar_sig_sheets.py ejecutado a las 2020-12-06 16:45:02.738896. Ult. modif era: 2020-12-06 16:30:09.337000
actualizar_sig_sheets.py ejecutado a las 2020-12-06 17:00:03.575125. Ult. modif era: 2020-12-06 16:45:17.783000
actualizar_sig_sheets.py ejecutado a las 2020-12-06 17:15:03.088746. Ult. modif era: 2020-12-06 17:00:14.595000
actualizar_sig_sheets.py ejecutado a las 2020-12-06 17:30:03.288305. Ult. modif era: 2020-12-06 17:15:06.757000
actualizar_sig_sheets.py ejecutado a las 2020-12-06 17:45:03.259837. Ult. modif era: 2020-12-06 17:30:10.648000
actualizar_sig_sheets.py ejecutado a las 2020-12-06 18:00:03.346353. Ult. modif era: 2020-12-06 17:45:11.743000
actualizar_sig_sheets.py ejecutado a las 2020-12-06 18:15:02.467823. Ult. modif era: 2020-12-06 18:00:11.041000
actualizar_sig_sheets.py ejecutado a las 2020-12-06 18:30:02.273258. Ult. modif era: 2020-12-06 18:15:06.870000
actualizar_sig_sheets.py ejecutado a las 2020-12-06 18:45:02.583220. Ult. modif era: 2020-12-06 18:30:06.978000
actualizar_sig_sheets.py ejecutado a las 2020-12-06 19:00:02.969495. Ult. modif era: 2020-12-06 18:45:06.297000
actualizar_sig_sheets.py ejecutado a las 2020-12-06 19:15:03.144859. Ult. modif era: 2020-12-06 19:00:09.695000
actualizar_sig_sheets.py ejecutado a las 2020-12-06 19:30:02.433689. Ult. modif era: 2020-12-06 19:15:07.840000
actualizar_sig_sheets.py ejecutado a las 2020-12-06 19:45:02.402800. Ult. modif era: 2020-12-06 19:30:07.942000
actualizar_sig_sheets.py ejecutado a las 2020-12-06 20:00:03.040530. Ult. modif era: 2020-12-06 19:45:07.215000
actualizar_sig_sheets.py ejecutado a las 2020-12-06 21:00:03.022766. Ult. modif era: 2020-12-06 20:00:08.314000
actualizar_sig_sheets.py ejecutado a las 2020-12-06 22:00:03.215241. Ult. modif era: 2020-12-06 21:00:08.542000
actualizar_sig_sheets.py ejecutado a las 2020-12-06 23:00:02.925759. Ult. modif era: 2020-12-06 22:00:09.139000
actualizar_sig_sheets.py ejecutado a las 2020-12-07 00:00:03.085028. Ult. modif era: 2020-12-06 23:00:11.239000
actualizar_sig_sheets.py ejecutado a las 2020-12-07 01:00:03.212532. Ult. modif era: 2020-12-07 00:00:09.253000
actualizar_sig_sheets.py ejecutado a las 2020-12-07 02:00:02.909929. Ult. modif era: 2020-12-07 01:00:08.962000
actualizar_sig_sheets.py ejecutado a las 2020-12-07 02:15:02.864437. Ult. modif era: 2020-12-07 02:00:09.314000
actualizar_sig_sheets.py ejecutado a las 2020-12-07 02:30:02.443832. Ult. modif era: 2020-12-07 02:15:08.057000
actualizar_sig_sheets.py ejecutado a las 2020-12-07 02:45:02.336684. Ult. modif era: 2020-12-07 02:30:06.888000
actualizar_sig_sheets.py ejecutado a las 2020-12-07 03:00:03.426625. Ult. modif era: 2020-12-07 02:45:07.790000
actualizar_sig_sheets.py ejecutado a las 2020-12-07 03:15:02.793906. Ult. modif era: 2020-12-07 03:00:09.075000
actualizar_sig_sheets.py ejecutado a las 2020-12-07 03:30:03.214861. Ult. modif era: 2020-12-07 03:15:08.433000
actualizar_sig_sheets.py ejecutado a las 2020-12-07 03:45:02.425628. Ult. modif era: 2020-12-07 03:30:07.887000
actualizar_sig_sheets.py ejecutado a las 2020-12-07 04:00:03.696404. Ult. modif era: 2020-12-07 03:45:07.835000
actualizar_sig_sheets.py ejecutado a las 2020-12-07 04:15:03.135391. Ult. modif era: 2020-12-07 04:00:09.327000
actualizar_sig_sheets.py ejecutado a las 2020-12-07 04:30:03.002228. Ult. modif era: 2020-12-07 04:15:10.486000
actualizar_sig_sheets.py ejecutado a las 2020-12-07 04:45:03.906923. Ult. modif era: 2020-12-07 04:30:08.707000
actualizar_sig_sheets.py ejecutado a las 2020-12-07 05:00:02.409353. Ult. modif era: 2020-12-07 04:45:10.832000
actualizar_sig_sheets.py ejecutado a las 2020-12-07 05:15:02.865261. Ult. modif era: 2020-12-07 05:00:08.324000
actualizar_sig_sheets.py ejecutado a las 2020-12-07 05:30:03.198518. Ult. modif era: 2020-12-07 05:15:08.667000
actualizar_sig_sheets.py ejecutado a las 2020-12-07 05:45:03.106496. Ult. modif era: 2020-12-07 05:30:07.323000
actualizar_sig_sheets.py ejecutado a las 2020-12-07 06:00:03.372783. Ult. modif era: 2020-12-07 05:45:08.420000
actualizar_sig_sheets.py ejecutado a las 2020-12-07 06:15:02.371950. Ult. modif era: 2020-12-07 06:00:09.865000
actualizar_sig_sheets.py ejecutado a las 2020-12-07 06:30:02.818680. Ult. modif era: 2020-12-07 06:15:08.986000
actualizar_sig_sheets.py ejecutado a las 2020-12-07 06:45:02.462144. Ult. modif era: 2020-12-07 06:30:09.032000
actualizar_sig_sheets.py ejecutado a las 2020-12-07 07:00:02.848399. Ult. modif era: 2020-12-07 06:45:07.174000
actualizar_sig_sheets.py ejecutado a las 2020-12-07 07:15:02.539141. Ult. modif era: 2020-12-07 07:00:09.083000
actualizar_sig_sheets.py ejecutado a las 2020-12-07 07:30:02.627511. Ult. modif era: 2020-12-07 07:15:09.092000
actualizar_sig_sheets.py ejecutado a las 2020-12-07 07:45:02.700524. Ult. modif era: 2020-12-07 07:30:09.226000
actualizar_sig_sheets.py ejecutado a las 2020-12-07 08:00:03.083189. Ult. modif era: 2020-12-07 07:45:06.363000
actualizar_sig_sheets.py ejecutado a las 2020-12-07 08:15:02.273433. Ult. modif era: 2020-12-07 08:00:09.886000
actualizar_sig_sheets.py ejecutado a las 2020-12-07 08:30:03.320127. Ult. modif era: 2020-12-07 08:15:08.756000
actualizar_sig_sheets.py ejecutado a las 2020-12-07 08:45:03.389762. Ult. modif era: 2020-12-07 08:30:09.624000
actualizar_sig_sheets.py ejecutado a las 2020-12-07 09:00:02.769380. Ult. modif era: 2020-12-07 08:45:07.948000
actualizar_sig_sheets.py ejecutado a las 2020-12-07 09:15:02.756562. Ult. modif era: 2020-12-07 09:00:09.040000
actualizar_sig_sheets.py ejecutado a las 2020-12-07 09:30:02.840793. Ult. modif era: 2020-12-07 09:15:09.393000
actualizar_sig_sheets.py ejecutado a las 2020-12-07 09:45:02.453283. Ult. modif era: 2020-12-07 09:30:10.001000
actualizar_sig_sheets.py ejecutado a las 2020-12-07 10:00:03.461518. Ult. modif era: 2020-12-07 09:45:06.671000
actualizar_sig_sheets.py ejecutado a las 2020-12-07 10:15:03.236817. Ult. modif era: 2020-12-07 10:00:10.635000
actualizar_sig_sheets.py ejecutado a las 2020-12-07 10:30:03.449672. Ult. modif era: 2020-12-07 10:15:11.798000
actualizar_sig_sheets.py ejecutado a las 2020-12-07 10:45:03.185987. Ult. modif era: 2020-12-07 10:30:10.689000
actualizar_sig_sheets.py ejecutado a las 2020-12-07 11:00:03.354175. Ult. modif era: 2020-12-07 10:45:07.566000
actualizar_sig_sheets.py ejecutado a las 2020-12-07 11:15:02.996958. Ult. modif era: 2020-12-07 11:00:10.479000
actualizar_sig_sheets.py ejecutado a las 2020-12-07 11:30:02.629638. Ult. modif era: 2020-12-07 11:15:10.017000
actualizar_sig_sheets.py ejecutado a las 2020-12-07 11:45:03.160741. Ult. modif era: 2020-12-07 11:30:07.687000
actualizar_sig_sheets.py ejecutado a las 2020-12-07 12:00:03.536172. Ult. modif era: 2020-12-07 11:45:06.814000
actualizar_sig_sheets.py ejecutado a las 2020-12-07 12:15:02.894807. Ult. modif era: 2020-12-07 12:00:08.333000
actualizar_sig_sheets.py ejecutado a las 2020-12-07 12:30:03.217554. Ult. modif era: 2020-12-07 12:15:07.536000
actualizar_sig_sheets.py ejecutado a las 2020-12-07 12:45:02.593729. Ult. modif era: 2020-12-07 12:30:10.945000
actualizar_sig_sheets.py ejecutado a las 2020-12-07 13:00:03.864397. Ult. modif era: 2020-12-07 12:45:09.780000
actualizar_sig_sheets.py ejecutado a las 2020-12-07 13:15:02.734938. Ult. modif era: 2020-12-07 13:00:11.108000
actualizar_sig_sheets.py ejecutado a las 2020-12-07 13:30:03.261052. Ult. modif era: 2020-12-07 13:15:07.629000
actualizar_sig_sheets.py ejecutado a las 2020-12-07 13:45:04.174702. Ult. modif era: 2020-12-07 13:30:08.572000
actualizar_sig_sheets.py ejecutado a las 2020-12-07 14:00:03.082202. Ult. modif era: 2020-12-07 13:45:08.484000
actualizar_sig_sheets.py ejecutado a las 2020-12-07 14:15:02.629101. Ult. modif era: 2020-12-07 14:00:10.110000
actualizar_sig_sheets.py ejecutado a las 2020-12-07 14:30:02.716672. Ult. modif era: 2020-12-07 14:15:08.015000
actualizar_sig_sheets.py ejecutado a las 2020-12-07 14:45:03.132268. Ult. modif era: 2020-12-07 14:30:08.539000
actualizar_sig_sheets.py ejecutado a las 2020-12-07 15:00:02.458830. Ult. modif era: 2020-12-07 14:45:08.921000
actualizar_sig_sheets.py ejecutado a las 2020-12-07 15:15:03.324946. Ult. modif era: 2020-12-07 15:00:07.819000
actualizar_sig_sheets.py ejecutado a las 2020-12-07 15:30:02.922177. Ult. modif era: 2020-12-07 15:15:09.318000
actualizar_sig_sheets.py ejecutado a las 2020-12-07 15:45:02.513304. Ult. modif era: 2020-12-07 15:30:08.873000
actualizar_sig_sheets.py ejecutado a las 2020-12-07 16:00:02.886494. Ult. modif era: 2020-12-07 15:45:08.203000
actualizar_sig_sheets.py ejecutado a las 2020-12-07 16:15:02.922292. Ult. modif era: 2020-12-07 16:00:07.397000
actualizar_sig_sheets.py ejecutado a las 2020-12-07 16:30:02.960768. Ult. modif era: 2020-12-07 16:15:08.392000
actualizar_sig_sheets.py ejecutado a las 2020-12-07 16:45:02.541590. Ult. modif era: 2020-12-07 16:30:08.971000
actualizar_sig_sheets.py ejecutado a las 2020-12-07 17:00:02.538831. Ult. modif era: 2020-12-07 16:45:06.919000
actualizar_sig_sheets.py ejecutado a las 2020-12-07 17:15:03.045255. Ult. modif era: 2020-12-07 17:00:06.235000
actualizar_sig_sheets.py ejecutado a las 2020-12-07 17:30:03.018065. Ult. modif era: 2020-12-07 17:15:08.570000
actualizar_sig_sheets.py ejecutado a las 2020-12-07 17:45:02.752770. Ult. modif era: 2020-12-07 17:30:08.119000
actualizar_sig_sheets.py ejecutado a las 2020-12-07 18:00:02.466100. Ult. modif era: 2020-12-07 17:45:07.890000
actualizar_sig_sheets.py ejecutado a las 2020-12-07 18:15:03.318982. Ult. modif era: 2020-12-07 18:00:06.844000
actualizar_sig_sheets.py ejecutado a las 2020-12-07 18:30:02.794283. Ult. modif era: 2020-12-07 18:15:10.196000
actualizar_sig_sheets.py ejecutado a las 2020-12-07 18:45:02.582669. Ult. modif era: 2020-12-07 18:30:08.113000
actualizar_sig_sheets.py ejecutado a las 2020-12-07 19:00:03.218661. Ult. modif era: 2020-12-07 18:45:08.650000
actualizar_sig_sheets.py ejecutado a las 2020-12-07 19:15:03.224904. Ult. modif era: 2020-12-07 19:00:09.686000
actualizar_sig_sheets.py ejecutado a las 2020-12-07 19:30:02.535874. Ult. modif era: 2020-12-07 19:15:13.066000
actualizar_sig_sheets.py ejecutado a las 2020-12-07 19:45:02.860789. Ult. modif era: 2020-12-07 19:30:07.416000
actualizar_sig_sheets.py ejecutado a las 2020-12-07 20:00:03.030277. Ult. modif era: 2020-12-07 19:45:08.400000
actualizar_sig_sheets.py ejecutado a las 2020-12-07 21:00:03.004001. Ult. modif era: 2020-12-07 20:00:07.948000
actualizar_sig_sheets.py ejecutado a las 2020-12-07 22:00:02.793834. Ult. modif era: 2020-12-07 21:00:10.066000
actualizar_sig_sheets.py ejecutado a las 2020-12-07 23:00:03.114905. Ult. modif era: 2020-12-07 22:00:10.098000
actualizar_sig_sheets.py ejecutado a las 2020-12-08 00:00:03.740048. Ult. modif era: 2020-12-07 23:00:11.756000
actualizar_sig_sheets.py ejecutado a las 2020-12-08 01:00:03.383225. Ult. modif era: 2020-12-08 00:00:11.377000
actualizar_sig_sheets.py ejecutado a las 2020-12-08 02:00:03.208963. Ult. modif era: 2020-12-08 01:00:10.372000
actualizar_sig_sheets.py ejecutado a las 2020-12-08 02:15:02.708191. Ult. modif era: 2020-12-08 02:00:11.119000
actualizar_sig_sheets.py ejecutado a las 2020-12-08 02:30:02.698614. Ult. modif era: 2020-12-08 02:15:10.068000
actualizar_sig_sheets.py ejecutado a las 2020-12-08 02:45:02.949040. Ult. modif era: 2020-12-08 02:30:07.256000
actualizar_sig_sheets.py ejecutado a las 2020-12-08 03:00:03.213285. Ult. modif era: 2020-12-08 02:45:09.456000
actualizar_sig_sheets.py ejecutado a las 2020-12-08 03:15:02.525558. Ult. modif era: 2020-12-08 03:00:09.945000
actualizar_sig_sheets.py ejecutado a las 2020-12-08 03:30:02.359946. Ult. modif era: 2020-12-08 03:15:08.630000
actualizar_sig_sheets.py ejecutado a las 2020-12-08 03:45:02.694063. Ult. modif era: 2020-12-08 03:30:07.116000
actualizar_sig_sheets.py ejecutado a las 2020-12-08 04:00:03.057675. Ult. modif era: 2020-12-08 03:45:10.248000
actualizar_sig_sheets.py ejecutado a las 2020-12-08 04:15:03.053822. Ult. modif era: 2020-12-08 04:00:10.396000
actualizar_sig_sheets.py ejecutado a las 2020-12-08 04:30:02.753763. Ult. modif era: 2020-12-08 04:15:09.916000
actualizar_sig_sheets.py ejecutado a las 2020-12-08 04:45:03.222911. Ult. modif era: 2020-12-08 04:30:08.552000
actualizar_sig_sheets.py ejecutado a las 2020-12-08 05:00:04.861554. Ult. modif era: 2020-12-08 04:45:08.156000
actualizar_sig_sheets.py ejecutado a las 2020-12-08 05:15:02.444107. Ult. modif era: 2020-12-08 05:00:09.942000
actualizar_sig_sheets.py ejecutado a las 2020-12-08 05:30:02.411171. Ult. modif era: 2020-12-08 05:15:06.878000
actualizar_sig_sheets.py ejecutado a las 2020-12-08 05:45:02.920949. Ult. modif era: 2020-12-08 05:30:07.244000
actualizar_sig_sheets.py ejecutado a las 2020-12-08 06:00:02.552763. Ult. modif era: 2020-12-08 05:45:07.891000
actualizar_sig_sheets.py ejecutado a las 2020-12-08 06:15:04.619485. Ult. modif era: 2020-12-08 06:00:07.888000
actualizar_sig_sheets.py ejecutado a las 2020-12-08 06:30:03.288590. Ult. modif era: 2020-12-08 06:15:09.407000
actualizar_sig_sheets.py ejecutado a las 2020-12-08 06:45:03.134109. Ult. modif era: 2020-12-08 06:30:10.570000
actualizar_sig_sheets.py ejecutado a las 2020-12-08 07:00:03.595841. Ult. modif era: 2020-12-08 06:45:06.782000
actualizar_sig_sheets.py ejecutado a las 2020-12-08 07:15:02.595702. Ult. modif era: 2020-12-08 07:00:09.135000
actualizar_sig_sheets.py ejecutado a las 2020-12-08 07:30:03.149749. Ult. modif era: 2020-12-08 07:15:08.535000
actualizar_sig_sheets.py ejecutado a las 2020-12-08 07:45:03.263794. Ult. modif era: 2020-12-08 07:30:12.663000
actualizar_sig_sheets.py ejecutado a las 2020-12-08 08:00:03.540074. Ult. modif era: 2020-12-08 07:45:13.508000
actualizar_sig_sheets.py ejecutado a las 2020-12-08 08:15:03.147219. Ult. modif era: 2020-12-08 08:00:08.612000
actualizar_sig_sheets.py ejecutado a las 2020-12-08 08:30:03.133632. Ult. modif era: 2020-12-08 08:15:08.526000
actualizar_sig_sheets.py ejecutado a las 2020-12-08 08:45:03.241377. Ult. modif era: 2020-12-08 08:30:08.409000
actualizar_sig_sheets.py ejecutado a las 2020-12-08 09:00:03.077217. Ult. modif era: 2020-12-08 08:45:07.317000
actualizar_sig_sheets.py ejecutado a las 2020-12-08 09:15:02.576641. Ult. modif era: 2020-12-08 09:00:09.913000
actualizar_sig_sheets.py ejecutado a las 2020-12-08 09:30:02.579466. Ult. modif era: 2020-12-08 09:15:08.138000
actualizar_sig_sheets.py ejecutado a las 2020-12-08 09:45:02.468480. Ult. modif era: 2020-12-08 09:30:07.939000
actualizar_sig_sheets.py ejecutado a las 2020-12-08 10:00:02.839899. Ult. modif era: 2020-12-08 09:45:07.078000
actualizar_sig_sheets.py ejecutado a las 2020-12-08 10:15:03.535150. Ult. modif era: 2020-12-08 10:00:08.730000
actualizar_sig_sheets.py ejecutado a las 2020-12-08 10:30:02.923877. Ult. modif era: 2020-12-08 10:15:18.297000
actualizar_sig_sheets.py ejecutado a las 2020-12-08 10:45:03.259943. Ult. modif era: 2020-12-08 10:30:13.737000
actualizar_sig_sheets.py ejecutado a las 2020-12-08 11:00:02.670958. Ult. modif era: 2020-12-08 10:45:15.889000
actualizar_sig_sheets.py ejecutado a las 2020-12-08 11:15:02.332797. Ult. modif era: 2020-12-08 11:00:08.909000
actualizar_sig_sheets.py ejecutado a las 2020-12-08 11:30:07.856559. Ult. modif era: 2020-12-08 11:15:06.441000
actualizar_sig_sheets.py ejecutado a las 2020-12-08 11:45:03.154177. Ult. modif era: 2020-12-08 11:30:20.591000
actualizar_sig_sheets.py ejecutado a las 2020-12-08 12:00:03.343130. Ult. modif era: 2020-12-08 11:45:07.384000
actualizar_sig_sheets.py ejecutado a las 2020-12-08 12:15:11.405325. Ult. modif era: 2020-12-08 12:00:10.734000
actualizar_sig_sheets.py ejecutado a las 2020-12-08 12:30:03.369759. Ult. modif era: 2020-12-08 12:15:20.765000
actualizar_sig_sheets.py ejecutado a las 2020-12-08 12:45:03.548928. Ult. modif era: 2020-12-08 12:30:09.753000
actualizar_sig_sheets.py ejecutado a las 2020-12-08 13:00:03.352320. Ult. modif era: 2020-12-08 12:45:08.109000
actualizar_sig_sheets.py ejecutado a las 2020-12-08 13:15:02.565151. Ult. modif era: 2020-12-08 13:00:09.935000
actualizar_sig_sheets.py ejecutado a las 2020-12-08 13:30:03.805931. Ult. modif era: 2020-12-08 13:15:08.795000
actualizar_sig_sheets.py ejecutado a las 2020-12-08 13:45:03.788494. Ult. modif era: 2020-12-08 13:30:09.800000
actualizar_sig_sheets.py ejecutado a las 2020-12-08 14:00:03.587146. Ult. modif era: 2020-12-08 13:45:08.398000
actualizar_sig_sheets.py ejecutado a las 2020-12-08 14:15:03.664559. Ult. modif era: 2020-12-08 14:00:09.702000
actualizar_sig_sheets.py ejecutado a las 2020-12-08 14:30:03.692240. Ult. modif era: 2020-12-08 14:15:09.783000
actualizar_sig_sheets.py ejecutado a las 2020-12-08 14:45:03.202901. Ult. modif era: 2020-12-08 14:30:13.245000
actualizar_sig_sheets.py ejecutado a las 2020-12-08 15:00:02.974010. Ult. modif era: 2020-12-08 14:45:08.438000
actualizar_sig_sheets.py ejecutado a las 2020-12-08 15:15:03.573286. Ult. modif era: 2020-12-08 15:00:15.415000
actualizar_sig_sheets.py ejecutado a las 2020-12-08 15:30:02.852502. Ult. modif era: 2020-12-08 15:15:09.946000
actualizar_sig_sheets.py ejecutado a las 2020-12-08 15:45:03.021935. Ult. modif era: 2020-12-08 15:30:09.222000
actualizar_sig_sheets.py ejecutado a las 2020-12-08 16:00:03.279519. Ult. modif era: 2020-12-08 15:45:10.129000
actualizar_sig_sheets.py ejecutado a las 2020-12-08 16:15:02.938902. Ult. modif era: 2020-12-08 16:00:07.938000
actualizar_sig_sheets.py ejecutado a las 2020-12-08 16:30:03.313696. Ult. modif era: 2020-12-08 16:15:11.648000
actualizar_sig_sheets.py ejecutado a las 2020-12-08 16:45:03.338564. Ult. modif era: 2020-12-08 16:30:09.833000
actualizar_sig_sheets.py ejecutado a las 2020-12-08 17:00:03.109620. Ult. modif era: 2020-12-08 16:45:09.942000
actualizar_sig_sheets.py ejecutado a las 2020-12-08 17:15:02.599093. Ult. modif era: 2020-12-08 17:00:07.967000
actualizar_sig_sheets.py ejecutado a las 2020-12-08 17:30:03.363454. Ult. modif era: 2020-12-08 17:15:12.558000
actualizar_sig_sheets.py ejecutado a las 2020-12-08 17:45:02.899705. Ult. modif era: 2020-12-08 17:30:07.963000
actualizar_sig_sheets.py ejecutado a las 2020-12-08 18:00:02.516855. Ult. modif era: 2020-12-08 17:45:07.917000
actualizar_sig_sheets.py ejecutado a las 2020-12-08 18:15:03.651771. Ult. modif era: 2020-12-08 18:00:06.820000
actualizar_sig_sheets.py ejecutado a las 2020-12-08 18:30:04.161644. Ult. modif era: 2020-12-08 18:15:08.479000
actualizar_sig_sheets.py ejecutado a las 2020-12-08 18:45:02.906952. Ult. modif era: 2020-12-08 18:30:11.543000
actualizar_sig_sheets.py ejecutado a las 2020-12-08 19:00:03.409219. Ult. modif era: 2020-12-08 18:45:07.641000
actualizar_sig_sheets.py ejecutado a las 2020-12-08 19:15:02.414309. Ult. modif era: 2020-12-08 19:00:08.036000
actualizar_sig_sheets.py ejecutado a las 2020-12-08 19:30:03.039612. Ult. modif era: 2020-12-08 19:15:06.611000
actualizar_sig_sheets.py ejecutado a las 2020-12-08 19:45:03.617300. Ult. modif era: 2020-12-08 19:30:08.793000
actualizar_sig_sheets.py ejecutado a las 2020-12-08 20:00:03.297366. Ult. modif era: 2020-12-08 19:45:09.348000
actualizar_sig_sheets.py ejecutado a las 2020-12-08 21:00:02.726167. Ult. modif era: 2020-12-08 20:00:09.042000
actualizar_sig_sheets.py ejecutado a las 2020-12-08 22:00:03.634166. Ult. modif era: 2020-12-08 21:00:12.523000
actualizar_sig_sheets.py ejecutado a las 2020-12-08 23:00:03.164860. Ult. modif era: 2020-12-08 22:00:09.404000
actualizar_sig_sheets.py ejecutado a las 2020-12-09 00:00:03.963366. Ult. modif era: 2020-12-08 23:00:10.715000
actualizar_sig_sheets.py ejecutado a las 2020-12-09 01:00:02.814978. Ult. modif era: 2020-12-09 00:00:10.978000
actualizar_sig_sheets.py ejecutado a las 2020-12-09 02:00:03.199485. Ult. modif era: 2020-12-09 01:00:11.340000
actualizar_sig_sheets.py ejecutado a las 2020-12-09 02:15:03.430897. Ult. modif era: 2020-12-09 02:00:09.765000
actualizar_sig_sheets.py ejecutado a las 2020-12-09 02:30:02.877142. Ult. modif era: 2020-12-09 02:15:09.344000
actualizar_sig_sheets.py ejecutado a las 2020-12-09 02:45:02.770939. Ult. modif era: 2020-12-09 02:30:07.237000
actualizar_sig_sheets.py ejecutado a las 2020-12-09 03:00:03.604487. Ult. modif era: 2020-12-09 02:45:10.524000
actualizar_sig_sheets.py ejecutado a las 2020-12-09 03:15:03.177425. Ult. modif era: 2020-12-09 03:00:10.528000
actualizar_sig_sheets.py ejecutado a las 2020-12-09 03:30:02.751987. Ult. modif era: 2020-12-09 03:15:08.723000
actualizar_sig_sheets.py ejecutado a las 2020-12-09 03:45:02.503820. Ult. modif era: 2020-12-09 03:30:07.947000
actualizar_sig_sheets.py ejecutado a las 2020-12-09 04:00:02.732902. Ult. modif era: 2020-12-09 03:45:06.917000
actualizar_sig_sheets.py ejecutado a las 2020-12-09 04:15:03.023662. Ult. modif era: 2020-12-09 04:00:07.254000
actualizar_sig_sheets.py ejecutado a las 2020-12-09 04:30:02.716520. Ult. modif era: 2020-12-09 04:15:11.195000
actualizar_sig_sheets.py ejecutado a las 2020-12-09 04:45:03.061588. Ult. modif era: 2020-12-09 04:30:08.421000
actualizar_sig_sheets.py ejecutado a las 2020-12-09 05:00:03.258745. Ult. modif era: 2020-12-09 04:45:08.720000
actualizar_sig_sheets.py ejecutado a las 2020-12-09 05:15:03.269572. Ult. modif era: 2020-12-09 05:00:09.373000
actualizar_sig_sheets.py ejecutado a las 2020-12-09 05:30:03.539341. Ult. modif era: 2020-12-09 05:15:10.667000
actualizar_sig_sheets.py ejecutado a las 2020-12-09 05:45:02.415468. Ult. modif era: 2020-12-09 05:30:11.857000
actualizar_sig_sheets.py ejecutado a las 2020-12-09 06:00:02.837516. Ult. modif era: 2020-12-09 05:45:11.134000
actualizar_sig_sheets.py ejecutado a las 2020-12-09 06:15:03.132585. Ult. modif era: 2020-12-09 06:00:10.373000
actualizar_sig_sheets.py ejecutado a las 2020-12-09 06:30:03.271985. Ult. modif era: 2020-12-09 06:15:08.718000
actualizar_sig_sheets.py ejecutado a las 2020-12-09 06:45:03.169603. Ult. modif era: 2020-12-09 06:30:10.652000
actualizar_sig_sheets.py ejecutado a las 2020-12-09 07:00:02.411713. Ult. modif era: 2020-12-09 06:45:11.838000
actualizar_sig_sheets.py ejecutado a las 2020-12-09 07:15:02.965378. Ult. modif era: 2020-12-09 07:00:11.516000
actualizar_sig_sheets.py ejecutado a las 2020-12-09 07:30:03.003791. Ult. modif era: 2020-12-09 07:15:07.580000
actualizar_sig_sheets.py ejecutado a las 2020-12-09 07:45:02.495059. Ult. modif era: 2020-12-09 07:30:10.902000
actualizar_sig_sheets.py ejecutado a las 2020-12-09 08:00:03.105629. Ult. modif era: 2020-12-09 07:45:09.929000
actualizar_sig_sheets.py ejecutado a las 2020-12-09 08:15:03.163870. Ult. modif era: 2020-12-09 08:00:11.731000
No ejecutado. Sheets en uso. Hora:2020-12-09 08:30:03.338472
actualizar_sig_sheets.py ejecutado a las 2020-12-09 08:45:03.047964. Ult. modif era: 2020-12-09 08:37:38.209000
actualizar_sig_sheets.py ejecutado a las 2020-12-09 09:00:03.521263. Ult. modif era: 2020-12-09 08:45:10.722000
actualizar_sig_sheets.py ejecutado a las 2020-12-09 09:15:02.401958. Ult. modif era: 2020-12-09 09:00:11.002000
actualizar_sig_sheets.py ejecutado a las 2020-12-09 09:30:02.340204. Ult. modif era: 2020-12-09 09:15:09.865000
actualizar_sig_sheets.py ejecutado a las 2020-12-09 09:45:02.258500. Ult. modif era: 2020-12-09 09:30:06.855000
actualizar_sig_sheets.py ejecutado a las 2020-12-09 10:00:02.540062. Ult. modif era: 2020-12-09 09:45:07.001000
actualizar_sig_sheets.py ejecutado a las 2020-12-09 10:15:02.829476. Ult. modif era: 2020-12-09 10:00:10.203000
actualizar_sig_sheets.py ejecutado a las 2020-12-09 10:30:02.510562. Ult. modif era: 2020-12-09 10:15:07.929000
actualizar_sig_sheets.py ejecutado a las 2020-12-09 10:45:03.136498. Ult. modif era: 2020-12-09 10:30:08.706000
actualizar_sig_sheets.py ejecutado a las 2020-12-09 11:00:03.214051. Ult. modif era: 2020-12-09 10:45:07.656000
actualizar_sig_sheets.py ejecutado a las 2020-12-09 11:15:03.031737. Ult. modif era: 2020-12-09 11:00:15.181000
actualizar_sig_sheets.py ejecutado a las 2020-12-09 11:30:02.886122. Ult. modif era: 2020-12-09 11:15:07.296000
actualizar_sig_sheets.py ejecutado a las 2020-12-09 11:45:02.490882. Ult. modif era: 2020-12-09 11:30:08.857000
actualizar_sig_sheets.py ejecutado a las 2020-12-09 12:00:03.249231. Ult. modif era: 2020-12-09 11:45:07.446000
actualizar_sig_sheets.py ejecutado a las 2020-12-09 12:15:03.280175. Ult. modif era: 2020-12-09 12:00:09.478000
actualizar_sig_sheets.py ejecutado a las 2020-12-09 12:30:03.393846. Ult. modif era: 2020-12-09 12:15:08.799000
actualizar_sig_sheets.py ejecutado a las 2020-12-09 12:45:02.745793. Ult. modif era: 2020-12-09 12:30:07.003000
No ejecutado. Sheets en uso. Hora:2020-12-09 13:00:03.489745
actualizar_sig_sheets.py ejecutado a las 2020-12-09 13:15:02.921347. Ult. modif era: 2020-12-09 12:54:35.782000
actualizar_sig_sheets.py ejecutado a las 2020-12-09 13:30:03.257911. Ult. modif era: 2020-12-09 13:15:06.256000
actualizar_sig_sheets.py ejecutado a las 2020-12-09 13:45:03.929585. Ult. modif era: 2020-12-09 13:30:06.370000
actualizar_sig_sheets.py ejecutado a las 2020-12-09 14:00:03.061920. Ult. modif era: 2020-12-09 13:45:08.336000
actualizar_sig_sheets.py ejecutado a las 2020-12-09 14:15:03.064506. Ult. modif era: 2020-12-09 14:00:04.999000
actualizar_sig_sheets.py ejecutado a las 2020-12-09 14:30:02.834385. Ult. modif era: 2020-12-09 14:15:12.827000
actualizar_sig_sheets.py ejecutado a las 2020-12-09 14:45:02.541308. Ult. modif era: 2020-12-09 14:30:05.957000
actualizar_sig_sheets.py ejecutado a las 2020-12-09 15:00:02.907587. Ult. modif era: 2020-12-09 14:45:08.089000
actualizar_sig_sheets.py ejecutado a las 2020-12-09 15:15:03.391819. Ult. modif era: 2020-12-09 15:00:08.565000
actualizar_sig_sheets.py ejecutado a las 2020-12-09 15:30:03.008728. Ult. modif era: 2020-12-09 15:15:09.357000
actualizar_sig_sheets.py ejecutado a las 2020-12-09 15:45:02.596914. Ult. modif era: 2020-12-09 15:30:08.107000
actualizar_sig_sheets.py ejecutado a las 2020-12-09 16:00:03.615748. Ult. modif era: 2020-12-09 15:45:06.763000
actualizar_sig_sheets.py ejecutado a las 2020-12-09 16:15:04.109870. Ult. modif era: 2020-12-09 16:00:11.537000
actualizar_sig_sheets.py ejecutado a las 2020-12-09 16:30:02.943954. Ult. modif era: 2020-12-09 16:15:11.443000
actualizar_sig_sheets.py ejecutado a las 2020-12-09 16:45:02.804068. Ult. modif era: 2020-12-09 16:30:09.138000
actualizar_sig_sheets.py ejecutado a las 2020-12-09 17:00:02.778989. Ult. modif era: 2020-12-09 16:45:09.117000
actualizar_sig_sheets.py ejecutado a las 2020-12-09 17:15:02.827789. Ult. modif era: 2020-12-09 17:00:07.241000
actualizar_sig_sheets.py ejecutado a las 2020-12-09 17:30:02.398737. Ult. modif era: 2020-12-09 17:15:08.946000
actualizar_sig_sheets.py ejecutado a las 2020-12-09 17:45:02.915536. Ult. modif era: 2020-12-09 17:30:08.362000
actualizar_sig_sheets.py ejecutado a las 2020-12-09 18:00:03.298729. Ult. modif era: 2020-12-09 17:45:08.655000
actualizar_sig_sheets.py ejecutado a las 2020-12-09 18:15:02.516301. Ult. modif era: 2020-12-09 18:00:07.027000
actualizar_sig_sheets.py ejecutado a las 2020-12-09 18:30:02.624232. Ult. modif era: 2020-12-09 18:15:13.141000
actualizar_sig_sheets.py ejecutado a las 2020-12-09 18:45:02.977426. Ult. modif era: 2020-12-09 18:30:12.532000
actualizar_sig_sheets.py ejecutado a las 2020-12-09 19:00:02.557970. Ult. modif era: 2020-12-09 18:45:12.925000
actualizar_sig_sheets.py ejecutado a las 2020-12-09 19:15:03.403212. Ult. modif era: 2020-12-09 19:00:06.779000
actualizar_sig_sheets.py ejecutado a las 2020-12-09 19:30:03.114833. Ult. modif era: 2020-12-09 19:15:09.522000
actualizar_sig_sheets.py ejecutado a las 2020-12-09 19:45:02.931810. Ult. modif era: 2020-12-09 19:30:09.152000
actualizar_sig_sheets.py ejecutado a las 2020-12-09 20:00:03.206257. Ult. modif era: 2020-12-09 19:45:09.184000
actualizar_sig_sheets.py ejecutado a las 2020-12-09 21:00:12.035744. Ult. modif era: 2020-12-09 20:00:10.566000
actualizar_sig_sheets.py ejecutado a las 2020-12-09 22:00:02.967899. Ult. modif era: 2020-12-09 21:00:19.836000
actualizar_sig_sheets.py ejecutado a las 2020-12-09 23:00:07.161676. Ult. modif era: 2020-12-09 22:00:10.681000
actualizar_sig_sheets.py ejecutado a las 2020-12-10 00:00:03.637192. Ult. modif era: 2020-12-09 23:00:16.601000
actualizar_sig_sheets.py ejecutado a las 2020-12-10 01:00:07.528145. Ult. modif era: 2020-12-10 00:00:12.344000
actualizar_sig_sheets.py ejecutado a las 2020-12-10 02:00:03.172328. Ult. modif era: 2020-12-10 01:00:17.880000
actualizar_sig_sheets.py ejecutado a las 2020-12-10 02:15:02.571226. Ult. modif era: 2020-12-10 02:00:14.985000
actualizar_sig_sheets.py ejecutado a las 2020-12-10 02:30:03.240823. Ult. modif era: 2020-12-10 02:15:11.473000
actualizar_sig_sheets.py ejecutado a las 2020-12-10 02:45:03.320930. Ult. modif era: 2020-12-10 02:30:09.499000
actualizar_sig_sheets.py ejecutado a las 2020-12-10 03:00:03.896708. Ult. modif era: 2020-12-10 02:45:09.583000
actualizar_sig_sheets.py ejecutado a las 2020-12-10 03:15:03.230877. Ult. modif era: 2020-12-10 03:00:09.978000
actualizar_sig_sheets.py ejecutado a las 2020-12-10 03:30:02.693322. Ult. modif era: 2020-12-10 03:15:10.780000
actualizar_sig_sheets.py ejecutado a las 2020-12-10 03:45:03.120005. Ult. modif era: 2020-12-10 03:30:07.346000
actualizar_sig_sheets.py ejecutado a las 2020-12-10 04:00:03.681062. Ult. modif era: 2020-12-10 03:45:07.707000
actualizar_sig_sheets.py ejecutado a las 2020-12-10 04:15:02.686681. Ult. modif era: 2020-12-10 04:00:09.925000
actualizar_sig_sheets.py ejecutado a las 2020-12-10 04:30:03.362149. Ult. modif era: 2020-12-10 04:15:07.630000
actualizar_sig_sheets.py ejecutado a las 2020-12-10 04:45:03.135948. Ult. modif era: 2020-12-10 04:30:08.547000
actualizar_sig_sheets.py ejecutado a las 2020-12-10 05:00:03.246661. Ult. modif era: 2020-12-10 04:45:10.673000
actualizar_sig_sheets.py ejecutado a las 2020-12-10 05:15:02.995910. Ult. modif era: 2020-12-10 05:00:12.393000
actualizar_sig_sheets.py ejecutado a las 2020-12-10 05:30:03.241423. Ult. modif era: 2020-12-10 05:15:10.625000
actualizar_sig_sheets.py ejecutado a las 2020-12-10 05:45:02.471340. Ult. modif era: 2020-12-10 05:30:10.938000
actualizar_sig_sheets.py ejecutado a las 2020-12-10 06:00:03.598338. Ult. modif era: 2020-12-10 05:45:11.572000
actualizar_sig_sheets.py ejecutado a las 2020-12-10 06:15:02.554396. Ult. modif era: 2020-12-10 06:00:12.925000
actualizar_sig_sheets.py ejecutado a las 2020-12-10 06:30:03.349500. Ult. modif era: 2020-12-10 06:15:11.632000
actualizar_sig_sheets.py ejecutado a las 2020-12-10 06:45:03.390216. Ult. modif era: 2020-12-10 06:30:14.820000
actualizar_sig_sheets.py ejecutado a las 2020-12-10 07:00:03.231912. Ult. modif era: 2020-12-10 06:45:10.631000
actualizar_sig_sheets.py ejecutado a las 2020-12-10 07:15:02.752092. Ult. modif era: 2020-12-10 07:00:08.159000
actualizar_sig_sheets.py ejecutado a las 2020-12-10 07:30:02.503568. Ult. modif era: 2020-12-10 07:15:07.959000
actualizar_sig_sheets.py ejecutado a las 2020-12-10 07:45:03.259570. Ult. modif era: 2020-12-10 07:30:07.746000
actualizar_sig_sheets.py ejecutado a las 2020-12-10 08:00:02.617743. Ult. modif era: 2020-12-10 07:45:08.920000
actualizar_sig_sheets.py ejecutado a las 2020-12-10 08:15:03.078481. Ult. modif era: 2020-12-10 08:00:08.456000
actualizar_sig_sheets.py ejecutado a las 2020-12-10 08:30:02.947513. Ult. modif era: 2020-12-10 08:15:08.346000
actualizar_sig_sheets.py ejecutado a las 2020-12-10 08:45:02.437614. Ult. modif era: 2020-12-10 08:30:08.910000
actualizar_sig_sheets.py ejecutado a las 2020-12-10 09:00:03.395559. Ult. modif era: 2020-12-10 08:45:08.654000
actualizar_sig_sheets.py ejecutado a las 2020-12-10 09:15:06.095886. Ult. modif era: 2020-12-10 09:00:07.855000
actualizar_sig_sheets.py ejecutado a las 2020-12-10 09:30:03.016395. Ult. modif era: 2020-12-10 09:15:11.427000
actualizar_sig_sheets.py ejecutado a las 2020-12-10 09:45:02.994225. Ult. modif era: 2020-12-10 09:30:11.453000
actualizar_sig_sheets.py ejecutado a las 2020-12-10 10:00:02.788210. Ult. modif era: 2020-12-10 09:45:08.075000
actualizar_sig_sheets.py ejecutado a las 2020-12-10 10:15:03.460816. Ult. modif era: 2020-12-10 10:00:07.600000
actualizar_sig_sheets.py ejecutado a las 2020-12-10 10:30:02.537887. Ult. modif era: 2020-12-10 10:15:09.970000
Traceback (most recent call last):
  File "actualizar_sig_sheets.py", line 49, in <module>
    filtros = sheets.limpiar_filtros(service,SPREADSHEET_ID,'Hoja 1') #limpia filtros y devuelve cant total de filas
  File "/home/userscp02/SERVICIOS/google_sig/sheets.py", line 65, in limpiar_filtros
    lectura = service.spreadsheets().get(spreadsheetId=SPREADSHEET_ID, ranges=nombre_hoja).execute()
  File "/usr/local/lib/python3.8/dist-packages/googleapiclient/_helpers.py", line 134, in positional_wrapper
    return wrapped(*args, **kwargs)
  File "/usr/local/lib/python3.8/dist-packages/googleapiclient/http.py", line 900, in execute
    resp, content = _retry_request(
  File "/usr/local/lib/python3.8/dist-packages/googleapiclient/http.py", line 204, in _retry_request
    raise exception
  File "/usr/local/lib/python3.8/dist-packages/googleapiclient/http.py", line 177, in _retry_request
    resp, content = http.request(uri, method, *args, **kwargs)
  File "/usr/local/lib/python3.8/dist-packages/google_auth_httplib2.py", line 200, in request
    response, content = self.http.request(
  File "/usr/local/lib/python3.8/dist-packages/httplib2/__init__.py", line 1985, in request
    (response, content) = self._request(
  File "/usr/local/lib/python3.8/dist-packages/httplib2/__init__.py", line 1650, in _request
    (response, content) = self._conn_request(
  File "/usr/local/lib/python3.8/dist-packages/httplib2/__init__.py", line 1589, in _conn_request
    response = conn.getresponse()
  File "/usr/lib/python3.8/http/client.py", line 1347, in getresponse
    response.begin()
  File "/usr/lib/python3.8/http/client.py", line 307, in begin
    version, status, reason = self._read_status()
  File "/usr/lib/python3.8/http/client.py", line 268, in _read_status
    line = str(self.fp.readline(_MAXLINE + 1), "iso-8859-1")
  File "/usr/lib/python3.8/socket.py", line 669, in readinto
    return self._sock.recv_into(b)
  File "/usr/lib/python3.8/ssl.py", line 1241, in recv_into
    return self.read(nbytes, buffer)
  File "/usr/lib/python3.8/ssl.py", line 1099, in read
    return self._sslobj.read(len, buffer)
socket.timeout: The read operation timed out
actualizar_sig_sheets.py ejecutado a las 2020-12-10 11:00:03.118049. Ult. modif era: 2020-12-10 10:30:09.600000
actualizar_sig_sheets.py ejecutado a las 2020-12-10 11:15:02.874634. Ult. modif era: 2020-12-10 11:00:10.920000
actualizar_sig_sheets.py ejecutado a las 2020-12-10 11:30:03.043237. Ult. modif era: 2020-12-10 11:15:08.265000
actualizar_sig_sheets.py ejecutado a las 2020-12-10 11:45:03.159389. Ult. modif era: 2020-12-10 11:30:07.224000
actualizar_sig_sheets.py ejecutado a las 2020-12-10 12:00:03.493223. Ult. modif era: 2020-12-10 11:45:09.643000
actualizar_sig_sheets.py ejecutado a las 2020-12-10 12:15:03.153427. Ult. modif era: 2020-12-10 12:00:08.137000
actualizar_sig_sheets.py ejecutado a las 2020-12-10 12:30:03.813474. Ult. modif era: 2020-12-10 12:15:10.163000
actualizar_sig_sheets.py ejecutado a las 2020-12-10 12:45:02.942292. Ult. modif era: 2020-12-10 12:30:11.261000
actualizar_sig_sheets.py ejecutado a las 2020-12-10 13:00:03.275215. Ult. modif era: 2020-12-10 12:45:10.479000
actualizar_sig_sheets.py ejecutado a las 2020-12-10 13:15:03.199315. Ult. modif era: 2020-12-10 13:00:10.597000
actualizar_sig_sheets.py ejecutado a las 2020-12-10 13:30:03.356444. Ult. modif era: 2020-12-10 13:15:07.597000
actualizar_sig_sheets.py ejecutado a las 2020-12-10 13:45:03.753830. Ult. modif era: 2020-12-10 13:30:10.267000
actualizar_sig_sheets.py ejecutado a las 2020-12-10 14:00:02.555638. Ult. modif era: 2020-12-10 13:45:09.969000
actualizar_sig_sheets.py ejecutado a las 2020-12-10 14:15:03.133763. Ult. modif era: 2020-12-10 14:00:09.667000
actualizar_sig_sheets.py ejecutado a las 2020-12-10 14:30:03.107410. Ult. modif era: 2020-12-10 14:15:09.454000
actualizar_sig_sheets.py ejecutado a las 2020-12-10 14:45:04.041941. Ult. modif era: 2020-12-10 14:30:07.729000
actualizar_sig_sheets.py ejecutado a las 2020-12-10 15:00:02.921383. Ult. modif era: 2020-12-10 14:45:10.859000
actualizar_sig_sheets.py ejecutado a las 2020-12-10 15:15:03.820510. Ult. modif era: 2020-12-10 15:00:10.677000
actualizar_sig_sheets.py ejecutado a las 2020-12-10 15:30:03.120709. Ult. modif era: 2020-12-10 15:15:11.034000
actualizar_sig_sheets.py ejecutado a las 2020-12-10 15:45:02.835247. Ult. modif era: 2020-12-10 15:30:14.854000
actualizar_sig_sheets.py ejecutado a las 2020-12-10 16:00:07.032189. Ult. modif era: 2020-12-10 15:48:09.172000
actualizar_sig_sheets.py ejecutado a las 2020-12-10 16:15:03.697397. Ult. modif era: 2020-12-10 16:00:10.349000
actualizar_sig_sheets.py ejecutado a las 2020-12-10 16:30:03.406789. Ult. modif era: 2020-12-10 16:15:06.746000
actualizar_sig_sheets.py ejecutado a las 2020-12-10 16:45:03.297064. Ult. modif era: 2020-12-10 16:30:06.540000
actualizar_sig_sheets.py ejecutado a las 2020-12-10 17:00:03.960697. Ult. modif era: 2020-12-10 16:45:06.477000
actualizar_sig_sheets.py ejecutado a las 2020-12-10 17:15:02.802870. Ult. modif era: 2020-12-10 17:00:07.271000
actualizar_sig_sheets.py ejecutado a las 2020-12-10 17:30:04.008392. Ult. modif era: 2020-12-10 17:00:07.271000
actualizar_sig_sheets.py ejecutado a las 2020-12-10 17:45:03.272757. Ult. modif era: 2020-12-10 17:00:07.271000
actualizar_sig_sheets.py ejecutado a las 2020-12-10 18:00:04.275371. Ult. modif era: 2020-12-10 17:45:13.700000
actualizar_sig_sheets.py ejecutado a las 2020-12-10 18:15:04.185613. Ult. modif era: 2020-12-10 18:00:17.796000
actualizar_sig_sheets.py ejecutado a las 2020-12-10 18:30:03.349214. Ult. modif era: 2020-12-10 18:15:19.231000
actualizar_sig_sheets.py ejecutado a las 2020-12-10 18:45:03.844381. Ult. modif era: 2020-12-10 18:30:15.641000
actualizar_sig_sheets.py ejecutado a las 2020-12-10 19:00:03.706349. Ult. modif era: 2020-12-10 18:45:15.395000
actualizar_sig_sheets.py ejecutado a las 2020-12-10 19:15:03.161540. Ult. modif era: 2020-12-10 19:00:12.096000
actualizar_sig_sheets.py ejecutado a las 2020-12-10 19:30:03.333637. Ult. modif era: 2020-12-10 19:15:11.373000
actualizar_sig_sheets.py ejecutado a las 2020-12-10 19:45:03.287091. Ult. modif era: 2020-12-10 19:30:15.063000
actualizar_sig_sheets.py ejecutado a las 2020-12-10 20:00:03.375201. Ult. modif era: 2020-12-10 19:45:13.313000
actualizar_sig_sheets.py ejecutado a las 2020-12-10 21:00:03.137679. Ult. modif era: 2020-12-10 20:00:13.975000
actualizar_sig_sheets.py ejecutado a las 2020-12-10 22:00:03.883575. Ult. modif era: 2020-12-10 21:00:11.646000
actualizar_sig_sheets.py ejecutado a las 2020-12-10 23:00:03.123707. Ult. modif era: 2020-12-10 22:00:11.856000
actualizar_sig_sheets.py ejecutado a las 2020-12-11 00:00:03.060710. Ult. modif era: 2020-12-10 23:00:11.944000
actualizar_sig_sheets.py ejecutado a las 2020-12-11 01:00:03.305985. Ult. modif era: 2020-12-11 00:00:09.904000
actualizar_sig_sheets.py ejecutado a las 2020-12-11 02:00:03.149272. Ult. modif era: 2020-12-11 01:00:09.981000
actualizar_sig_sheets.py ejecutado a las 2020-12-11 02:15:03.635472. Ult. modif era: 2020-12-11 02:00:11.732000
actualizar_sig_sheets.py ejecutado a las 2020-12-11 02:30:03.577254. Ult. modif era: 2020-12-11 02:15:18.735000
actualizar_sig_sheets.py ejecutado a las 2020-12-11 02:45:02.877890. Ult. modif era: 2020-12-11 02:15:18.735000
actualizar_sig_sheets.py ejecutado a las 2020-12-11 03:00:03.028984. Ult. modif era: 2020-12-11 02:45:09.946000
actualizar_sig_sheets.py ejecutado a las 2020-12-11 03:15:03.069680. Ult. modif era: 2020-12-11 03:00:19.250000
actualizar_sig_sheets.py ejecutado a las 2020-12-11 03:30:02.682609. Ult. modif era: 2020-12-11 03:15:08.855000
actualizar_sig_sheets.py ejecutado a las 2020-12-11 03:45:02.283789. Ult. modif era: 2020-12-11 03:30:08.855000
actualizar_sig_sheets.py ejecutado a las 2020-12-11 04:00:02.806728. Ult. modif era: 2020-12-11 03:45:08.008000
actualizar_sig_sheets.py ejecutado a las 2020-12-11 04:15:03.169059. Ult. modif era: 2020-12-11 04:00:08.565000
actualizar_sig_sheets.py ejecutado a las 2020-12-11 04:30:04.545368. Ult. modif era: 2020-12-11 04:15:09.702000
actualizar_sig_sheets.py ejecutado a las 2020-12-11 04:45:03.245806. Ult. modif era: 2020-12-11 04:30:11.656000
actualizar_sig_sheets.py ejecutado a las 2020-12-11 05:00:02.926151. Ult. modif era: 2020-12-11 04:45:10.115000
actualizar_sig_sheets.py ejecutado a las 2020-12-11 05:15:02.792241. Ult. modif era: 2020-12-11 05:00:09.322000
actualizar_sig_sheets.py ejecutado a las 2020-12-11 05:30:02.774923. Ult. modif era: 2020-12-11 05:15:09.335000
actualizar_sig_sheets.py ejecutado a las 2020-12-11 05:45:03.157713. Ult. modif era: 2020-12-11 05:30:08.574000
actualizar_sig_sheets.py ejecutado a las 2020-12-11 06:00:02.956609. Ult. modif era: 2020-12-11 05:45:09.178000
actualizar_sig_sheets.py ejecutado a las 2020-12-11 06:15:03.499890. Ult. modif era: 2020-12-11 06:00:09.716000
actualizar_sig_sheets.py ejecutado a las 2020-12-11 06:30:02.658154. Ult. modif era: 2020-12-11 06:15:10.275000
actualizar_sig_sheets.py ejecutado a las 2020-12-11 06:45:02.607884. Ult. modif era: 2020-12-11 06:30:10.107000
actualizar_sig_sheets.py ejecutado a las 2020-12-11 07:00:03.051190. Ult. modif era: 2020-12-11 06:45:09.329000
actualizar_sig_sheets.py ejecutado a las 2020-12-11 07:15:03.365404. Ult. modif era: 2020-12-11 07:00:09.830000
actualizar_sig_sheets.py ejecutado a las 2020-12-11 07:30:03.325513. Ult. modif era: 2020-12-11 07:15:10.669000
actualizar_sig_sheets.py ejecutado a las 2020-12-11 07:45:02.869797. Ult. modif era: 2020-12-11 07:30:10.372000
actualizar_sig_sheets.py ejecutado a las 2020-12-11 08:00:03.448472. Ult. modif era: 2020-12-11 07:45:09.646000
actualizar_sig_sheets.py ejecutado a las 2020-12-11 08:15:02.735618. Ult. modif era: 2020-12-11 08:00:10.157000
actualizar_sig_sheets.py ejecutado a las 2020-12-11 08:30:03.170764. Ult. modif era: 2020-12-11 08:15:09.639000
actualizar_sig_sheets.py ejecutado a las 2020-12-11 08:45:02.817983. Ult. modif era: 2020-12-11 08:30:09.264000
actualizar_sig_sheets.py ejecutado a las 2020-12-11 09:00:03.610392. Ult. modif era: 2020-12-11 08:45:10.830000
actualizar_sig_sheets.py ejecutado a las 2020-12-11 09:15:03.318830. Ult. modif era: 2020-12-11 09:00:10.759000
actualizar_sig_sheets.py ejecutado a las 2020-12-11 09:30:02.621198. Ult. modif era: 2020-12-11 09:15:10.105000
actualizar_sig_sheets.py ejecutado a las 2020-12-11 09:45:03.290847. Ult. modif era: 2020-12-11 09:30:07.545000
actualizar_sig_sheets.py ejecutado a las 2020-12-11 10:00:02.806153. Ult. modif era: 2020-12-11 09:45:08.203000
actualizar_sig_sheets.py ejecutado a las 2020-12-11 10:15:02.860707. Ult. modif era: 2020-12-11 10:00:08.295000
actualizar_sig_sheets.py ejecutado a las 2020-12-11 10:30:02.429746. Ult. modif era: 2020-12-11 10:15:07.873000
actualizar_sig_sheets.py ejecutado a las 2020-12-11 10:45:03.235579. Ult. modif era: 2020-12-11 10:30:07.693000
actualizar_sig_sheets.py ejecutado a las 2020-12-11 11:00:02.867864. Ult. modif era: 2020-12-11 10:45:08.180000
actualizar_sig_sheets.py ejecutado a las 2020-12-11 11:15:03.039009. Ult. modif era: 2020-12-11 11:00:07.415000
actualizar_sig_sheets.py ejecutado a las 2020-12-11 11:30:03.087917. Ult. modif era: 2020-12-11 11:15:08.457000
actualizar_sig_sheets.py ejecutado a las 2020-12-11 11:45:03.030744. Ult. modif era: 2020-12-11 11:30:08.466000
actualizar_sig_sheets.py ejecutado a las 2020-12-11 12:00:02.951638. Ult. modif era: 2020-12-11 11:45:09.347000
actualizar_sig_sheets.py ejecutado a las 2020-12-11 12:15:03.307630. Ult. modif era: 2020-12-11 12:00:08.758000
actualizar_sig_sheets.py ejecutado a las 2020-12-11 12:30:03.118830. Ult. modif era: 2020-12-11 12:15:08.498000
actualizar_sig_sheets.py ejecutado a las 2020-12-11 12:45:02.940679. Ult. modif era: 2020-12-11 12:30:09.149000
actualizar_sig_sheets.py ejecutado a las 2020-12-11 13:00:03.199466. Ult. modif era: 2020-12-11 12:45:08.368000
actualizar_sig_sheets.py ejecutado a las 2020-12-11 13:15:03.297609. Ult. modif era: 2020-12-11 13:00:08.719000
actualizar_sig_sheets.py ejecutado a las 2020-12-11 13:30:02.615011. Ult. modif era: 2020-12-11 13:15:09.025000
actualizar_sig_sheets.py ejecutado a las 2020-12-11 13:45:03.223005. Ult. modif era: 2020-12-11 13:30:08.491000
actualizar_sig_sheets.py ejecutado a las 2020-12-11 14:00:03.057687. Ult. modif era: 2020-12-11 13:45:09.280000
actualizar_sig_sheets.py ejecutado a las 2020-12-11 14:15:03.515359. Ult. modif era: 2020-12-11 14:00:09.696000
actualizar_sig_sheets.py ejecutado a las 2020-12-11 14:30:02.429950. Ult. modif era: 2020-12-11 14:15:13.851000
actualizar_sig_sheets.py ejecutado a las 2020-12-11 14:45:03.248633. Ult. modif era: 2020-12-11 14:30:07.795000
actualizar_sig_sheets.py ejecutado a las 2020-12-11 15:00:03.199940. Ult. modif era: 2020-12-11 14:45:08.581000
actualizar_sig_sheets.py ejecutado a las 2020-12-11 15:15:03.373156. Ult. modif era: 2020-12-11 15:00:06.324000
